[RUN #0 100 100]
614 241 -117 -156 613 292 -33 -969 620 948 939 147 651 28 -312 950 -475 341 -520 -387 -586 -603 960 -191 -954 226 -668 -982 -338 -55 749 -832 -748 -986 -250 477 192 946 -958 -754 -314 842 -970 -812 -752 -128 398 449 442 -707 -252 283 -101 -769 781 247 964 102 155 460 352 496 198 -254 -464 -922 650 -592 463 280 -868 403 175 -365 353 240 -887 -200 -502 -554 -549 -390 920 771 -833 -219 -562 881 -685 -194 910 62 168 -735 509 348 572 706 400 -541
-138 -348 -295 -408 810 -969 -930 -136 394 -376 -268 -90 347 759 -797 739 397 808 140 54 -246 800 421 819 -914 358 849 109 -725 -600 -595 -279 450 -466 537 -919 -817 -732 -836 484 317 -429 -140 -174 -495 856 -330 -463 -720 -920 -655 697 389 -617 -578 645 -586 615 236 915 -370 276 -339 -779 -476 -535 951 158 -955 -717 -776 -542 756 -730 -738 805 240 -666 383 -89 -132 -800 -306 -688 674 763 382 -262 638 -652 -28 494 205 -243 -756 -158 98 -835 228 -70
356 127 856 651 760 -595 454 328 -944 -948 703 866 -892 -355 997 97 -525 -903 685 -879 121 92 -969 -10 -964 -236 508 704 216 560 765 124 -950 868 797 76 -336 129 -529 -243 24 548 -867 308 -56 734 -213 -589 322 -970 961 -731 436 604 842 341 -296 713 157 -939 -224 293 -880 -40 484 -61 532 461 -31 244 93 927 395 69 -352 550 465 -787 -878 391 198 107 847 -101 696 398 959 159 599 671 937 -698 267 199 -932 -12 -117 849 418 646
49 -380 -322 -536 589 147 -73 -807 -637 968 -145 -435 369 999 -239 851 934 -883 -821 643 751 724 -686 -819 120 -523 165 422 -343 -649 306 -197 848 644 -803 -451 -111 998 -445 407 -416 175 -455 -326 638 -569 248 800 473 -962 -363 -709 -476 449 817 -524 -629 583 -147 708 853 860 -405 -705 695 -832 -638 -350 29 -412 -168 726 -131 632 567 914 484 -718 640 -67 -267 -167 60 -562 -262 450 859 -459 605 -399 -457 -744 -241 536 -969 -547 571 -679 373 -727
-7 636 -595 -808 -771 435 54 -305 -306 514 -921 335 450 938 393 -232 -99 546 524 383 -635 -894 77 -411 577 639 373 -417 -806 -252 103 -116 899 -332 518 -157 596 -864 -883 657 208 -64 -788 656 -361 -86 214 -704 -24 -420 69 -251 341 992 -19 -977 571 302 -3 310 -702 927 -159 30 -518 532 406 -156 814 424 795 361 -884 -982 684 -410 -699 775 -929 651 132 866 -814 172 -781 -162 -701 828 809 -441 -382 268 -350 -684 145 -222 -800 147 449 -517
379 886 60 145 -434 637 49 -74 73 -731 1 -347 -903 -299 654 320 112 938 -905 -89 831 8 998 -408 159 152 -712 767 -856 -611 -385 237 294 518 -423 -849 566 -617 -790 706 -713 849 694 717 897 -926 884 933 -3 738 -351 388 -484 160 253 489 594 85 -117 -134 987 784 -119 126 500 -223 -374 240 -539 452 704 740 -6 558 -5 100 -904 167 257 -557 129 -76 -878 390 -952 -172 -314 462 -582 -149 -947 -298 -179 -506 -984 -882 -450 -832 -265 301
773 996 -397 57 -684 -653 543 -98 791 885 -732 562 -155 229 -502 107 -199 154 -802 -764 781 689 -880 812 953 289 262 -416 600 -469 -411 421 570 -942 -34 27 -967 -903 85 -289 408 86 223 -102 595 -642 -514 888 -219 187 -481 865 738 579 -930 565 -838 -462 475 -702 6 -431 -47 528 -932 -414 754 -407 -401 -204 547 540 -378 -478 11 7 -958 -294 -652 -882 -961 907 684 -768 -279 876 844 870 -242 69 976 106 -50 648 -358 487 -166 122 -448 583
-566 -549 571 -878 523 -761 -793 786 113 -190 -104 -281 -263 390 -161 760 715 86 306 658 -319 -409 958 740 -540 25 162 84 816 -837 -164 922 150 -707 757 753 -994 613 -535 185 -64 -531 788 -197 -51 618 -842 199 -43 -498 622 -559 -34 154 -98 -765 745 -784 -414 -306 -129 250 -294 -352 -783 361 -84 686 -223 505 39 -695 -575 -519 244 -865 213 -225 -857 932 331 730 268 37 423 350 -875 469 508 269 -358 -307 17 -827 462 708 -62 -198 128 551
637 66 -98 -983 980 987 -480 76 962 930 766 -327 952 153 -566 654 529 891 993 -242 58 -63 567 -202 -896 329 -931 -164 -866 686 -85 -745 933 -498 681 936 -97 427 -604 801 707 -259 -677 688 512 -535 420 363 725 516 94 -161 -160 728 624 -822 -544 -119 -966 231 -49 -601 540 -20 558 -610 -490 687 -198 -409 635 -177 927 -578 943 457 -485 139 101 777 -233 -134 269 970 579 196 -219 -925 -696 -64 -617 -469 -145 -969 319 43 812 779 748 -987
430 343 671 437 789 -545 731 585 951 819 -738 -569 -359 -589 -73 -752 -878 -1 -456 -271 672 -979 -606 576 708 -20 4 29 653 509 -178 -52 691 -253 -256 -794 -261 150 416 950 938 294 -768 758 -141 461 351 -544 496 794 848 -934 -186 641 -715 652 492 -740 843 535 -133 -664 932 -677 -55 -183 -570 -867 -360 -374 870 974 281 -539 -669 874 713 716 -54 158 458 -442 709 990 -422 -835 -975 345 -365 695 679 -604 -693 712 529 668 -530 821 67 94
883 -92 -972 -121 -404 590 210 789 715 -259 -661 517 96 -918 -633 -987 -602 927 -289 -413 651 494 823 961 887 1 -57 -896 535 -460 -306 551 942 -272 499 162 207 737 114 934 -942 882 -634 215 -115 527 466 -8 -153 156 951 136 -381 -320 -611 242 -580 -798 931 929 399 611 -949 -27 -176 -864 924 -899 667 566 -313 89 -378 -402 244 958 389 -651 -691 874 -934 116 -672 -189 -138 -581 -226 795 818 -539 -596 10 125 -65 463 -124 -967 363 -107 80
[RUN #1 5 10]
289 -620 21 -638 940
197 -376 35 -994 -253
-246 -354 962 134 678
-250 -150 -940 69 729
819 -546 869 -505 -874
-12 98 -951 306 -275
222 989 -268 -232 -19
377 -813 -397 345 -45
-467 928 -432 564 845
214 -326 -895 -650 799
[RUN #2 10 10]
111 -918 625 -966 -166 405 -134 -604 -267 14
-618 87 81 525 -650 66 -638 -390 -792 970
43 -53 232 898 820 -223 -700 763 712 -117
916 -471 -917 902 -194 920 499 628 366 772
-78 185 -612 82 -931 -994 194 565 -694 -54
-680 -748 -653 825 -482 -80 415 -345 896 685
460 216 -68 -513 419 881 -167 -403 -917 -825
-510 76 -579 473 -217 558 -7 -160 391 126
623 -870 -314 -968 -463 -784 276 668 66 935
940 569 547 403 937 47 -833 991 -773 809
[RUN #3 500 10]
871 493 -89 337 -390 -851 -552 -637 147 272 146 13 336 856 271 -949 -610 -165 -270 709 -264 500 -793 409 -85 -163 355 924 -518 -546 -327 -836 519 480 686 257 -43 567 713 -99 -305 241 207 -365 -461 807 462 350 -254 -60 217 -132 250 971 784 -858 -618 186 351 -863 677 -290 753 -415 818 372 -595 -437 -372 -644 -850 -394 785 -708 -999 -302 321 -593 763 -188 410 614 -594 326 487 459 -830 -628 -392 -183 803 830 819 169 723 -846 259 404 977 -233 -771 -243 -483 865 330 698 375 311 990 219 276 -979 357 -983 757 -237 486 888 959 339 -196 -363 -206 -377 -395 -893 -25 -735 348 926 -414 -885 189 884 -879 810 304 600 820 -384 16 111 -144 -842 671 -818 -710 -510 -682 -403 -727 153 -829 8 930 343 182 -762 557 184 -318 -282 -565 -52 -194 98 821 242 295 -311 -938 -109 -309 -841 108 -73 405 985 561 -556 365 -263 501 191 278 -133 238 -901 -792 253 -582 245 -105 467 -441 -138 578 -902 747 -324 -173 -255 -232 -868 962 594 -75 88 288 -976 -57 124 -720 -788 218 -557 438 -397 608 -447 -445 -701 754 846 867 -776 135 748 -374 12 -871 610 521 852 256 -903 356 -751 323 -848 940 234 795 992 -534 802 450 371 -696 816 -624 -241 970 -502 -937 -877 -326 717 978 -169 866 -296 -695 -166 90 353 -230 -797 194 -870 -56 126 -34 -722 -121 -998 -379 78 327 -519 915 -887 -279 472 237 -786 -185 -702 -355 393 944 -375 -393 -736 534 -396 -152 -714 -244 -274 696 619 -532 -971 -742 -162 27 158 -878 817 -359 406 767 756 -855 460 615 -308 880 199 975 632 -227 -784 -881 808 -216 67 414 -646 -293 -945 949 515 681 127 133 609 -458 -281 140 -796 -320 -865 593 433 -866 -686 -939 -142 458 913 -658 -239 42 -845 -955 378 838 684 -42 520 224 791 332 -427 -956 -975 435 575 -831 616 834 -63 547 -280 491 868 -198 861 155 950 156 -931 -978 286 -95 -936 638 -356 29 746 -666 -357 617 -940 -202 426 -755 76 -466 -619 -17 841 532 -215 731 403 957 -501 488 -44 312 -783 -47 -200 281 -385 -497 143 138 511 -204 5 93 390 -703 -4 -145 -30 -800 305 967 177 955 634 -225 399 711 -827 -438 141 -72 -623 6 -543 82 173 56 -131 116 592 -774 478 972 -952 -947 939 -910 415 -718 961 -611 777 185 -698 -607 407 595 539 -1000 401 -106 -346 -548 -428 -950 761 772 690 296 240 -430 -143 172 813 451 419 -134 455 -98 52 734 150 782 -186 499 369 -378 -838
-674 265 -710 547 -575 788 227 846 763 -698 281 -93 244 -595 -546 928 79 -574 -366 -267 -438 305 -391 522 -702 188 -744 -545 -793 237 -260 258 993 -261 -489 350 666 373 -645 -875 -26 -878 -551 -323 14 -421 -461 -192 875 341 -309 -838 -815 -849 -565 -679 427 222 -543 962 -525 684 -865 550 208 459 849 -973 347 -16 84 118 -486 -419 503 268 115 -606 -272 -852 -215 -798 743 -853 47 701 887 -103 134 211 191 -784 -109 -901 863 -868 -998 -216 -978 5 -73 -930 791 -573 626 393 980 -501 -509 883 -114 891 -633 -682 -596 679 -318 -659 -898 282 -948 -348 344 -242 690 -111 306 -238 752 145 567 -508 -190 -937 -820 -234 -982 -587 -208 930 -141 384 106 392 216 792 682 209 780 -864 -749 874 -592 671 536 -885 630 969 202 107 619 -526 956 466 -347 734 612 27 -761 -667 -473 -624 322 -179 -972 492 -96 732 124 -530 196 -440 483 49 58 998 -589 824 -194 26 621 -306 581 940 -32 -13 614 195 774 974 914 740 -605 -79 495 994 317 -104 -586 437 420 -536 572 -728 -7 -273 -680 172 428 -931 340 -764 -406 123 -827 88 546 642 212 310 -672 769 -847 -845 -310 197 -870 -859 -979 164 -797 947 -648 984 -498 -989 -151 -245 833 985 -893 945 -714 -603 169 108 72 790 -294 9 35 175 -264 482 809 -295 -970 -673 325 15 -269 -301 -298 -64 144 -804 -154 -373 407 -689 801 339 -460 -739 369 121 -233 -816 368 18 -671 530 683 501 680 -418 -726 -47 831 -957 877 68 283 375 -809 -826 -563 -538 988 562 511 43 -801 -343 -873 -877 508 628 298 854 582 -610 -393 231 -408 243 709 -890 -387 -12 -470 -521 194 431 -577 185 -455 456 899 -76 470 -474 565 -385 80 379 786 613 -691 710 -265 -765 -425 968 -980 -983 114 311 -630 300 -17 50 747 324 -763 425 443 462 389 -72 784 -962 -144 892 -934 383 135 -304 749 -967 -9 249 -637 600 226 148 542 264 94 -325 555 -734 -61 120 637 -961 406 -300 -903 -597 412 758 -616 441 560 997 228 -134 -777 -195 -846 -523 -484 -105 622 708 -299 -681 -556 180 85 -212 -307 372 179 544 -277 -848 592 -357 -431 -829 756 694 357 662 -767 830 525 -370 -303 -80 -468 -612 479 -655 -319 -618 -517 -707 -668 655 -920 141 -390 -974 246 816 606 404 -818 229 133 -899 995 315 523 -143 952 51 -239 802 -654 346 215 295 452 496 -781 354 -108 -757 810 -564 -566 472 983 -188 667 -411 201 -834 -226 -651 98 942 564 337 -223 982
856 -13 174 486 -51 -587 -259 -888 -287 -54 -902 -781 -41 16 -588 234 -270 -383 351 -526 468 106 146 167 -616 911 -368 179 6 -224 778 -928 496 -344 -996 -918 -274 -323 800 394 831 311 892 289 445 -142 -27 508 -676 -183 701 324 -256 285 658 -244 -1000 -275 -882 483 -204 -792 683 947 -629 -14 176 -548 -927 -660 986 216 -623 224 546 730 418 578 421 -354 -512 998 -582 875 -35 642 -650 -591 -447 -500 411 -653 657 441 33 -879 -885 -969 -345 -373 931 -155 -818 -312 -941 -396 233 90 -721 702 116 -397 83 639 73 194 -56 -417 -55 -118 154 425 845 -74 -564 319 -805 202 935 -448 -509 840 -486 -671 69 -935 557 -491 284 611 823 568 -749 692 -853 -816 181 315 473 -654 -601 791 871 -806 393 -444 -768 -695 572 -610 -553 -352 561 717 192 -83 614 763 -117 789 711 850 953 562 -631 -662 -390 847 680 -399 -923 631 981 -245 443 957 -940 646 -125 943 -94 -776 661 -532 87 761 -482 -49 605 -211 543 -782 118 335 565 -263 803 -558 -531 464 -794 824 651 629 -355 387 -306 -7 -122 -87 686 -446 600 866 705 -701 -455 -136 -71 -243 91 -113 -598 -359 -353 -57 66 -215 696 828 -467 -333 807 -466 -672 713 -953 628 924 275 -890 -159 -493 164 547 -106 738 544 270 -67 690 401 341 481 462 -831 -436 250 -128 -685 -338 55 -229 273 -288 -904 -460 -174 -580 984 -665 -925 -995 27 199 -756 -999 498 -637 -670 -827 -497 972 63 637 -915 82 -607 325 -499 -82 -17 567 798 291 627 -130 247 563 -597 -663 -70 107 -434 -728 885 223 536 830 54 515 -463 769 695 -638 -109 -828 570 172 532 -426 444 -429 816 440 305 -21 -314 -793 670 933 -418 -501 -566 655 -577 493 -12 74 -374 -605 -102 888 -761 581 -683 416 -747 -889 395 244 -112 967 226 -573 865 -453 -66 -470 -165 934 716 898 -856 417 -251 900 490 -525 30 678 -220 364 -812 -253 254 -807 -659 -435 916 -775 -421 937 466 -576 383 -498 951 -242 728 663 -42 -731 -841 613 -647 -415 -892 -878 -293 932 -100 257 -620 -120 930 -192 -786 -169 358 -646 222 100 -175 -874 -937 191 788 870 -208 -705 487 977 849 667 363 300 743 -689 552 251 843 348 -895 295 -232 -147 -832 626 -692 253 -305 -225 -986 674 -479 -413 235 583 110 334 -364 842 -212 126 724 434 -40 -37 437 882 707 862 -247 -817 955 505 819 736 -752 -694 -200 529 361 -15 -445 -909 1 -38 -508 271 323 -896 -483 537 -441 24 -63 183 681
689 863 330 -295 -472 -517 452 -246 -134 -712 -857 -677 -953 -497 93 287 211 -191 -351 -585 586 -355 960 603 424 537 204 -475 303 966 650 450 -409 -477 759 210 -619 -630 -66 238 770 765 -384 -600 -335 -718 493 -929 -336 291 -733 340 384 -750 -791 -944 357 -145 -357 866 -6 310 -653 -952 -573 -397 624 787 -494 680 -998 -223 -298 -663 -59 -987 -281 534 -753 -918 -866 140 -828 -881 233 -364 -645 -636 592 -96 924 -433 -348 -88 -648 848 -229 563 -665 -931 -32 28 905 413 860 326 -404 -576 175 290 402 -656 -589 -838 -318 281 746 531 111 -121 957 -144 377 -80 -978 -508 -580 -815 -296 -245 404 -695 -506 -458 -668 -698 -850 444 815 112 508 75 -393 8 -689 696 -618 227 37 -31 -572 -545 420 -719 -760 771 484 83 -809 667 682 108 710 -948 -794 972 -423 700 -192 -892 -157 429 -276 -571 114 779 656 -761 -331 517 -964 374 -399 442 -680 -686 -163 -126 793 23 -47 995 -482 -937 -713 -489 135 -152 -895 919 560 -441 -87 49 -802 -846 -22 -252 -325 298 -174 -803 -430 -122 -832 -422 -804 63 380 774 74 -906 -983 991 -54 672 -306 -526 407 994 -14 136 -199 569 -195 -111 898 843 -443 940 -731 421 -1 -616 -484 -496 573 516 -258 -606 -135 -456 -27 -41 -76 -542 -105 -737 -853 505 -581 -778 -549 545 674 -566 -524 485 -615 -220 193 -230 423 360 -564 495 267 -420 758 651 -17 706 414 798 864 947 548 -637 507 803 -934 -754 -307 -897 -946 475 173 102 813 -141 261 -113 -341 -9 29 144 438 24 -932 927 939 -977 -166 -208 582 -732 618 869 198 -334 -248 339 236 455 678 -353 -444 187 -887 670 -856 -454 634 549 -212 -434 -398 318 -800 -211 373 349 -726 -837 -629 -965 353 -485 -344 80 -578 789 911 -683 -178 463 -588 1 462 196 -675 205 -818 550 -817 -661 -748 -189 -68 -697 161 697 -368 648 254 496 -254 760 -824 155 -919 245 107 -406 963 -272 -947 959 -405 662 -582 -227 67 -768 433 675 87 -117 -923 251 699 -863 120 235 116 -862 -50 346 502 825 945 -177 512 -556 986 78 -43 322 50 855 448 736 730 628 464 -764 879 510 -70 -81 802 949 -449 -385 541 -655 734 -197 94 -562 -464 -669 -736 -129 -69 -60 -84 255 -142 996 709 476 509 -140 -886 591 703 -271 142 533 293 -149 -30 982 503 -781 -159 858 -710 -213 -74 578 -52 -65 -343 308 -990 -865 -40 731 -231 403 244 -78 -183 -98 786 762 717 -29 978 167 -779 944 -951 -173 750 611 46 453
-832 475 693 928 255 -411 605 791 -73 -301 -936 -149 56 0 -195 -16 -393 830 607 -429 292 -75 360 820 213 -35 -904 -799 -236 918 368 -634 200 335 -377 535 398 193 -790 -201 794 -328 779 932 -131 487 247 -24 908 -958 919 -271 843 -373 -438 677 -215 -156 978 -806 267 -250 980 232 -84 -187 -428 -266 -662 412 -485 1 -223 -66 699 -656 -43 746 -891 -654 424 -57 -378 316 597 39 71 -359 -758 619 -688 24 -511 914 -463 -137 577 -995 234 9 458 -974 -576 -476 -587 -873 189 961 490 192 792 884 -488 774 22 707 -281 -549 520 -423 227 -670 85 721 761 -545 568 -515 909 -877 -809 141 433 -172 -962 -771 242 155 -966 781 -643 -993 -53 298 -712 -29 731 25 -539 -876 383 713 469 -975 -557 600 264 171 -220 874 -427 -258 811 960 -180 385 -116 -390 -732 701 -322 592 823 -420 -235 -335 407 883 560 856 644 276 -850 749 338 865 -674 -336 641 629 852 -482 429 -410 -139 -862 -37 -162 971 -803 941 52 180 784 -997 -282 435 237 -13 -494 -524 -461 -349 219 73 14 468 241 981 288 415 514 719 47 768 51 387 -64 -122 46 -973 195 57 585 737 203 -722 -908 -21 419 -630 332 -93 -792 446 513 -112 20 624 -19 740 442 -179 -822 -527 571 414 -383 -913 -753 886 636 -655 -356 -944 382 964 660 806 -251 954 -990 333 -177 -55 -793 477 809 126 -408 -902 519 -650 31 -213 -924 -415 718 -914 601 -786 410 -607 182 281 -265 -892 77 -735 495 -737 589 -739 190 -127 -996 985 -982 -352 -512 801 -780 -259 -733 -989 -89 796 320 -948 -54 -610 -562 864 224 581 -935 -505 345 -253 -404 -823 -119 -369 925 164 -658 -44 708 562 389 -645 265 757 -459 -275 -1 -365 194 -136 -800 -305 773 826 376 -174 766 618 671 -772 17 127 60 310 221 -414 377 -432 -582 546 -852 640 -313 -334 253 -999 858 -347 474 525 457 291 -153 -323 540 199 704 290 -516 -910 351 187 -651 105 90 317 946 997 -362 -289 727 -874 917 -558 933 -697 -453 140 866 322 250 901 -633 130 824 -491 348 -499 -710 853 -548 488 -808 181 -354 -246 -868 133 637 998 797 -419 299 411 -979 218 548 -466 772 583 673 760 -801 750 -6 -267 -731 -290 706 373 -955 -316 -42 692 882 -578 682 423 214 530 -296 67 184 88 924 -285 -781 -190 658 -615 588 631 -497 -363 109 -248 -532 516 -700 614 -506 183 233 916 54 -599 -71 762 994 859 669 -38 -477 270 -590 -460 -946 -504 153 -454 -754
[RUN #4 100 10]
-822 -954 604 -974 95 828 91 -513 194 140 -360 -577 715 -377 -20 -536 -346 564 -833 -458 241 467 -292 483 390 148 979 722 -628 -793 -837 -291 879 -661 830 163 -14 55 -524 -611 953 -844 -251 636 -202 105 389 592 -670 381 624 190 -259 -535 720 -678 -389 -612 278 -85 -862 -174 -239 446 909 742 -736 690 253 -645 -821 -712 112 863 -213 -572 919 598 886 -590 -411 705 589 708 571 -654 126 488 -403 697 670 -352 602 -156 273 561 383 -296 -923 371
39 -185 519 229 -270 -733 314 -832 665 -154 -51 -862 -11 -971 -373 259 129 -13 676 -79 182 -947 -816 -431 864 -995 431 -944 -591 -212 37 662 444 136 358 -368 693 80 592 -754 -101 343 409 583 193 992 -166 -476 687 -372 -518 919 -428 68 479 -395 -586 638 976 -877 -311 472 503 401 -460 -98 -524 344 817 -811 267 -806 710 979 85 383 406 -978 995 -927 -639 396 -194 -727 -331 -765 179 738 678 -82 -601 -837 649 655 642 978 867 735 783 -180
119 -286 574 867 -268 926 -173 67 829 272 368 561 745 111 -97 241 -743 542 455 372 -948 -767 766 869 512 673 600 682 -874 -121 -946 161 41 -978 -207 795 -137 -719 -16 -384 798 416 -354 -78 -55 833 -431 841 -302 53 43 -867 433 866 -566 -599 427 -474 588 -23 -486 -483 163 -917 -575 64 413 -94 877 107 -337 286 -576 -338 907 58 -283 951 -28 738 731 150 388 113 -710 -60 615 -292 448 -810 436 779 -715 299 696 182 999 -623 -422 -963
-124 771 657 -109 -387 -884 -386 -190 -993 -716 318 -725 -257 -776 74 772 544 -846 566 160 -968 506 -789 -987 598 -250 195 965 -215 446 -865 -37 -33 159 370 -883 -907 -922 -2 28 -587 -439 991 126 -558 -889 324 -61 -97 865 -708 428 -218 -309 883 463 -8 -815 -45 -670 -431 133 236 -159 786 -718 784 -897 -458 -472 622 -148 699 -661 555 -85 404 926 559 -702 373 -956 -989 -399 -430 305 -395 377 47 756 -554 -631 538 -339 316 -50 723 -332 259 -586
763 692 -911 631 -908 -917 -873 -884 611 -623 -720 -352 -686 283 777 -126 548 -327 25 617 -836 807 -630 428 773 -611 813 -115 179 161 212 -596 -458 518 -319 -948 695 -517 553 607 -566 303 -160 -314 -231 587 -425 886 -400 -953 -638 446 -277 -475 325 -131 311 559 -83 89 -950 -82 173 415 550 517 610 66 523 368 694 -824 -21 528 -677 331 -506 -134 -930 468 252 68 576 -1 -227 -862 950 825 -543 128 -266 314 672 -144 578 676 308 -540 -879 -606
575 750 16 770 -638 -874 -876 810 454 736 456 -264 -403 -228 540 471 982 877 209 324 -714 139 -291 59 345 840 -72 -294 -815 538 73 -182 535 -427 -840 -174 115 -633 815 -346 -74 -11 400 -855 -45 650 615 -94 141 -672 -517 -219 634 -842 739 613 -572 -646 -394 -505 -960 -891 208 427 -397 395 49 199 486 -970 666 -17 -433 -135 -591 -739 657 -515 -578 -978 394 198 421 -15 -723 -317 442 -734 -539 -341 -518 658 -502 -849 -371 119 579 -547 997 29
-759 363 923 625 -173 -965 122 -129 954 -659 506 -308 633 620 589 694 467 162 337 -140 971 -147 -150 87 -300 654 274 232 -493 355 -67 -696 -955 946 -433 -843 65 -366 256 -519 83 -7 -410 167 430 -768 216 -630 23 837 497 843 854 297 509 -264 -487 -220 641 587 459 -613 109 -250 908 -429 286 -837 409 -851 -553 -755 448 -583 171 729 -405 -974 613 -752 -767 -720 -346 512 -684 996 -288 165 977 -982 -471 34 575 -53 882 835 -967 -501 986 962
-764 156 -82 613 -110 -783 852 113 349 381 -839 921 -385 547 -358 258 -31 -156 499 -262 -466 311 877 -844 821 964 712 814 115 -570 -267 59 -652 -246 176 779 -880 -782 -444 -143 -625 -630 -26 -130 -2 -817 -52 -818 -168 -906 -21 -132 686 -846 -583 -671 975 95 331 -261 637 -670 971 759 559 415 521 906 -638 871 -622 718 498 -14 -457 702 -27 -529 -507 -412 543 808 894 -37 538 -402 -634 -713 588 705 492 -424 -682 163 731 651 57 -665 330 -447
243 501 -754 153 -988 -21 39 651 -197 199 657 680 -679 97 -926 -151 195 -137 710 561 438 -808 264 304 -249 -947 -604 591 -829 853 -48 -903 -777 -920 986 435 -181 583 633 624 -442 -793 -169 -415 -817 -736 398 359 696 888 715 692 840 -360 -312 740 -701 45 -960 -319 -819 -796 -986 -382 -595 -647 434 74 391 -596 -708 -374 472 -375 -168 -125 238 -473 -664 -475 -735 -354 22 498 833 422 62 163 -123 -449 115 950 -568 -17 961 -380 451 745 786 -963
-352 461 -59 739 -517 296 960 560 -691 61 -428 -285 717 -543 -117 -465 982 -17 160 210 -216 418 491 -734 679 677 -715 159 -401 948 -192 311 -710 -271 -648 -511 431 864 -112 527 -138 -685 532 384 353 606 -407 635 -196 308 -653 751 -304 518 -142 -725 -901 -684 -118 -416 -768 -86 -860 779 257 -846 898 520 776 -947 -376 101 57 124 8 550 -560 -598 817 -151 516 14 -529 -985 801 -150 200 656 -664 846 748 -485 511 -292 655 441 267 -589 -303 -922
[RUN #5 5 100]
545 32 845 -83 818
800 -613 885 95 -634
587 826 -34 118 -227
-906 -562 313 -670 134
740 -204 491 915 987
-206 -232 479 -544 -120
616 190 -683 596 79
-181 -744 -422 -465 -54
641 -449 -984 -701 -299
-83 -202 366 -561 51
-217 -746 568 -553 -930
-986 548 902 -430 797
-229 -592 -565 14 -706
-954 -56 -657 691 823
423 514 -352 -701 238
-304 966 -175 886 282
85 246 -853 -517 221
-247 630 415 345 905
720 899 924 -424 805
895 805 351 -197 245
-725 229 776 -747 749
-275 966 642 -794 -636
662 62 -849 -127 37
-329 -690 -339 -41 663
-414 435 -143 -930 -504
589 875 814 -976 -386
641 -346 334 743 81
682 -893 939 736 -152
480 -129 849 668 321
593 277 415 -720 -621
877 -448 167 529 469
131 -773 349 -930 587
255 321 138 -466 -73
-252 -927 -309 549 -95
322 665 976 922 -442
-161 502 -360 -931 314
-277 -258 685 976 651
882 -492 -80 437 417
94 -903 -177 -248 -775
-322 -74 674 -421 778
690 -586 753 -426 507
-729 553 -598 783 859
77 574 -85 -89 -22
697 462 574 842 12
669 219 45 751 -130
458 55 700 776 -984
-613 357 324 817 -691
155 805 15 -597 580
727 -698 603 -693 470
671 447 545 176 -127
-919 428 -374 584 864
619 840 -780 728 303
-760 213 45 -906 -557
847 215 444 516 -379
636 429 -326 393 815
422 -195 560 957 -626
846 -3 922 -381 785
-136 -971 683 619 -825
-189 -81 -176 398 -985
2 0 838 -204 613
582 -921 -732 71 -752
-994 883 704 -925 -668
944 72 -142 -175 -958
758 -79 84 -658 271
-822 561 639 381 727
860 468 -687 181 788
671 374 551 -107 -49
-655 -39 434 -901 -185
140 415 -524 107 -301
-97 667 -628 -335 -404
904 -327 259 909 955
799 -197 -222 997 -753
-790 -888 192 -50 -591
404 -20 -225 -488 -490
-246 -317 338 485 836
961 685 -66 -792 -418
336 -150 986 188 -196
-724 -926 -993 187 109
-825 829 254 974 798
-530 -202 -740 815 915
-474 27 627 138 -186
988 -675 83 -197 -531
229 537 661 196 648
483 -166 972 -44 -928
719 632 -842 219 572
-948 424 -895 -157 227
-119 704 -273 193 -747
202 -936 315 149 -812
477 846 163 -569 -901
873 -753 -864 -837 156
104 -199 -929 781 -257
-64 -172 706 -959 558
817 -752 -119 938 -711
-979 -563 90 853 885
856 722 511 -149 -872
-430 293 423 -317 -187
504 150 172 -646 204
403 -600 925 666 -397
-147 -942 845 950 -620
-178 -840 111 698 400
[RUN #6 3 100]
-109 963 854
-421 -793 -356
274 434 567
220 -274 344
-121 148 527
555 -479 -840
389 463 -270
-910 -540 -792
-318 -283 223
-437 -520 191
342 616 305
389 -784 -373
-13 -943 663
852 -65 487
-211 828 -164
419 -95 70
-56 -54 309
928 164 285
-97 -916 -17
33 354 144
-714 731 236
-880 -318 508
-969 -733 -900
417 -601 517
75 -642 -312
984 -121 -33
401 780 -661
-25 -459 225
-257 -56 -489
-630 49 -129
218 771 162
-45 -679 492
-407 -924 -745
309 776 -602
-153 455 -650
432 449 -807
273 570 552
-961 784 -763
-922 -619 -243
-317 633 304
-94 -641 -731
751 260 -561
319 717 -609
845 -473 -330
217 795 18
134 -223 863
-930 -209 -174
-739 123 -436
829 649 -419
-163 -160 -342
-680 -149 -33
461 -741 -696
734 863 907
-62 60 909
160 102 991
-688 536 -290
-661 214 -115
-274 -584 -482
-241 -322 -132
696 378 -450
-995 181 59
944 885 -491
-963 89 782
561 -476 559
768 -915 -272
349 140 490
451 -97 545
74 -344 -42
-702 -296 176
248 -691 -488
762 -520 -582
-7 167 -970
-290 927 451
501 -235 -395
337 376 884
663 -667 -582
192 922 -519
739 -991 -851
665 -660 43
572 -553 950
-945 -40 361
-770 492 -655
-153 85 346
298 967 359
426 187 -364
74 222 -294
-535 218 -148
-495 910 -432
865 -316 -845
-819 -795 -44
-970 397 -161
-206 819 742
66 -123 -154
979 -179 464
-152 -700 -68
-763 -883 -98
-679 -369 -92
565 -580 -692
-509 267 856
-440 324 -517
[RUN #7 5 100]
-477 236 197 273 104
-639 652 -256 -753 168
270 781 973 507 -48
511 -661 -231 133 705
544 -847 -455 440 940
-424 -628 314 -429 -584
99 -648 52 169 212
-1 806 267 -321 -591
107 741 -756 939 608
-208 -424 395 261 353
608 361 -244 -132 -983
-189 -35 546 87 273
582 -679 231 -224 362
831 687 233 -686 693
-630 167 -207 -701 279
-399 698 177 604 699
540 669 -417 385 330
-660 159 745 -341 -36
487 -649 992 -713 -964
200 209 884 56 190
553 -841 -958 -30 -684
340 271 26 -858 -187
260 522 -444 -874 635
-264 162 -644 -593 170
-650 117 651 -217 760
954 665 -164 621 -799
739 748 -830 -405 357
-825 -818 -504 -312 130
-162 537 -412 -413 -777
-191 46 -949 206 -51
262 -734 598 715 806
-269 856 -318 168 -240
626 406 -38 77 150
-411 -730 506 -881 916
440 185 -65 -489 -153
639 -461 746 837 454
422 -523 976 899 877
780 911 108 698 896
-967 620 712 534 677
532 -290 244 -235 -539
551 -3 -59 96 392
-137 -444 411 -978 -857
86 -724 374 -542 920
-61 -32 -487 978 700
-703 -981 901 -280 -111
202 351 -110 473 -137
-713 990 -672 455 -402
-547 849 -824 -900 619
-876 343 356 810 622
835 -134 511 563 638
-524 -285 -49 -169 458
-624 -101 319 648 606
530 -621 389 318 35
176 670 63 -928 945
914 -69 533 -435 158
-744 -411 -630 -798 392
-321 -719 -731 964 86
62 105 847 -11 -427
630 741 20 852 -322
556 -351 -729 826 -679
-820 423 -368 -776 483
-345 -797 963 984 324
-159 101 -103 634 -546
654 144 -394 -372 255
-786 -261 869 -1000 494
749 -518 -15 -74 562
442 203 736 -468 931
-639 805 -993 403 186
-921 271 -253 -384 -818
-582 -712 -65 -220 -54
890 257 484 666 -494
612 663 -478 -884 -841
-186 989 717 740 672
-969 578 -817 803 844
-385 -449 663 -2 914
-599 209 -679 -483 -86
300 465 532 721 -919
-819 241 490 -482 963
124 -711 324 140 -455
-490 43 -781 533 833
-301 375 947 101 129
-100 -715 248 -760 -858
410 579 -4 -671 -269
148 -933 -776 61 841
739 -399 -243 615 802
21 551 -984 288 -109
315 95 614 -39 -770
-485 -39 713 -274 -212
371 -772 -64 816 -170
-60 216 -965 3 146
-984 930 -338 128 -521
473 544 626 283 -721
872 783 488 900 -104
-512 353 -419 163 199
719 -13 -541 -297 -887
-764 -222 -37 127 137
566 -302 890 295 395
693 988 708 -578 -805
646 859 -595 665 -768
-775 -4 213 -700 -450
[RUN #8 5 100]
503 -45 674 395 657
679 499 -652 -19 -647
105 -326 -131 82 -734
171 466 -100 -599 -274
620 772 601 428 -467
185 284 268 873 -175
484 -783 -277 581 -93
299 656 353 762 -30
203 618 -533 -46 828
-688 -129 -851 729 404
435 28 -281 755 -256
512 -243 405 -124 -789
978 -252 313 418 175
-7 8 -371 -281 -925
-219 393 274 -402 -260
293 123 544 627 684
883 -238 66 535 993
11 370 -806 -52 731
806 -610 359 346 -964
219 -619 396 -613 -409
-957 -855 279 -573 -520
-603 402 -638 -536 -137
468 825 924 895 965
-468 -760 771 -759 -8
309 911 876 -178 822
-431 -192 243 784 886
-495 -73 -215 -367 -162
-882 914 -135 443 57
-865 383 238 -517 -995
-700 -32 -434 828 371
-281 361 885 893 -342
675 -552 650 749 420
-692 -745 -145 -781 -672
971 -914 -103 -862 -489
-286 354 57 51 -257
67 -973 -753 -369 -414
-764 -1000 -846 408 809
-678 898 -378 378 415
-186 -920 -113 174 105
-308 273 764 -269 -589
-511 -59 713 569 293
860 -730 -220 -975 -505
-526 13 33 -323 59
-820 -220 -534 -392 716
490 -552 563 -995 -134
-888 -952 299 -294 658
961 -986 619 530 133
-400 -863 -122 346 -491
928 -369 -990 -277 467
716 650 -654 8 725
-488 -906 -944 802 -465
495 -140 766 -690 870
-612 -735 -133 647 90
-725 -985 914 -508 556
-770 -992 550 933 822
-224 -54 67 -808 353
-62 -531 -874 -735 -453
-397 781 179 677 3
-224 -10 -733 803 -428
55 911 -694 -966 -843
-587 -318 504 922 -798
-463 -939 -557 -88 -621
867 -750 592 -189 704
-629 383 481 -455 643
-853 -649 178 660 -530
-817 392 -427 514 245
-133 -773 719 15 397
534 222 -368 -827 -86
46 -856 -126 -303 -406
243 571 -813 165 621
340 -391 -708 921 -304
-88 -370 -100 931 -4
4 -420 -453 -854 -483
742 -756 -25 -695 474
-456 315 652 -472 178
781 -796 768 -922 863
-227 897 468 831 300
-647 805 -283 -813 404
-162 -816 -917 319 -164
701 130 509 300 -960
[RUN #9 3 20]
-930 736 941
-974 962 667
58 -15 -863
110 437 -873
93 263 516
765 264 631
612 -489 -12
279 -580 951
-519 -22 42
-610 -63 -919
203 -107 -11
867 -512 933
934 877 -444
487 -398 947
348 585 -606
745 -449 47
-687 929 -672
953 -815 -194
-352 -204 711
38 -971 -38
[RUN #10 3 20]
-302 -113 -220
-981 142 674
193 911 -548
-513 -833 90
-926 410 216
-503 -600 188
-803 424 -201
891 42 -499
261 -319 273
-103 553 106
-191 -535 -453
69 -485 564
-815 753 -237
707 -70 21
-31 474 660
-242 -541 525
324 -880 794
-188 -615 229
394 796 -316
546 -556 727
